
*** Running vivado
    with args -log BCD_to_7_Segment_Display.vds -m64 -product Vivado -mode batch -messageDb vivado.pb -notrace -source BCD_to_7_Segment_Display.tcl



****** Vivado v2020.2 (64-bit)
  **** SW Build 3064766 on Wed Nov 18 09:12:45 MST 2020
  **** IP Build 3064653 on Wed Nov 18 14:17:31 MST 2020
    ** Copyright 1986-2020 Xilinx, Inc. All Rights Reserved.

source BCD_to_7_Segment_Display.tcl -notrace
Command: synth_design -top BCD_to_7_Segment_Display -part xc7a35tcpg236-1
Starting synth_design
Attempting to get a license for feature 'Synthesis' and/or device 'xc7a35t'
INFO: [Common 17-349] Got license for feature 'Synthesis' and/or device 'xc7a35t'
INFO: [Device 21-403] Loading part xc7a35tcpg236-1
INFO: [Synth 8-7079] Multithreading enabled for synth_design using a maximum of 2 processes.
INFO: [Synth 8-7078] Launching helper process for spawning children vivado processes
INFO: [Synth 8-7075] Helper process launched with PID 17472
---------------------------------------------------------------------------------
Starting RTL Elaboration : Time (s): cpu = 00:00:06 ; elapsed = 00:00:07 . Memory (MB): peak = 1136.688 ; gain = 11.359
---------------------------------------------------------------------------------
INFO: [Synth 8-6157] synthesizing module 'BCD_to_7_Segment_Display' [C:/Users/dwigh/Xilinx/Basys_3_BCD_to_7_Segment_Display/Basys_3_BCD_to_7_Segment_Display.srcs/sources_1/new/BCD_to_7_Segment_Display.v:23]
INFO: [Synth 8-6157] synthesizing module 'LED_Indicator' [C:/Users/dwigh/Xilinx/Basys_3_BCD_to_7_Segment_Display/Basys_3_BCD_to_7_Segment_Display.srcs/sources_1/new/LED_Indicator.v:21]
	Parameter WL bound to: 16 - type: integer 
INFO: [Synth 8-6155] done synthesizing module 'LED_Indicator' (1#1) [C:/Users/dwigh/Xilinx/Basys_3_BCD_to_7_Segment_Display/Basys_3_BCD_to_7_Segment_Display.srcs/sources_1/new/LED_Indicator.v:21]
INFO: [Synth 8-6157] synthesizing module 'Display_Selector' [C:/Users/dwigh/Xilinx/Basys_3_BCD_to_7_Segment_Display/Basys_3_BCD_to_7_Segment_Display.srcs/sources_1/new/Display_Selector.v:23]
INFO: [Synth 8-6155] done synthesizing module 'Display_Selector' (2#1) [C:/Users/dwigh/Xilinx/Basys_3_BCD_to_7_Segment_Display/Basys_3_BCD_to_7_Segment_Display.srcs/sources_1/new/Display_Selector.v:23]
INFO: [Synth 8-6157] synthesizing module 'Segment_Decoder' [C:/Users/dwigh/Xilinx/Basys_3_BCD_to_7_Segment_Display/Basys_3_BCD_to_7_Segment_Display.srcs/sources_1/new/Segment_Decoder.v:23]
INFO: [Synth 8-226] default block is never used [C:/Users/dwigh/Xilinx/Basys_3_BCD_to_7_Segment_Display/Basys_3_BCD_to_7_Segment_Display.srcs/sources_1/new/Segment_Decoder.v:28]
INFO: [Synth 8-6155] done synthesizing module 'Segment_Decoder' (3#1) [C:/Users/dwigh/Xilinx/Basys_3_BCD_to_7_Segment_Display/Basys_3_BCD_to_7_Segment_Display.srcs/sources_1/new/Segment_Decoder.v:23]
INFO: [Synth 8-6155] done synthesizing module 'BCD_to_7_Segment_Display' (4#1) [C:/Users/dwigh/Xilinx/Basys_3_BCD_to_7_Segment_Display/Basys_3_BCD_to_7_Segment_Display.srcs/sources_1/new/BCD_to_7_Segment_Display.v:23]
---------------------------------------------------------------------------------
Finished RTL Elaboration : Time (s): cpu = 00:00:07 ; elapsed = 00:00:08 . Memory (MB): peak = 1188.273 ; gain = 62.945
---------------------------------------------------------------------------------
---------------------------------------------------------------------------------
Start Handling Custom Attributes
---------------------------------------------------------------------------------
---------------------------------------------------------------------------------
Finished Handling Custom Attributes : Time (s): cpu = 00:00:08 ; elapsed = 00:00:09 . Memory (MB): peak = 1188.273 ; gain = 62.945
---------------------------------------------------------------------------------
---------------------------------------------------------------------------------
Finished RTL Optimization Phase 1 : Time (s): cpu = 00:00:08 ; elapsed = 00:00:09 . Memory (MB): peak = 1188.273 ; gain = 62.945
---------------------------------------------------------------------------------
Netlist sorting complete. Time (s): cpu = 00:00:00 ; elapsed = 00:00:00 . Memory (MB): peak = 1188.273 ; gain = 0.000
INFO: [Project 1-570] Preparing netlist for logic optimization

Processing XDC Constraints
Initializing timing engine
Parsing XDC File [C:/Users/dwigh/Xilinx/Basys_3_BCD_to_7_Segment_Display/Basys_3_BCD_to_7_Segment_Display.srcs/constrs_1/imports/new/Basys-3-Master.xdc]
WARNING: [Vivado 12-584] No ports matched 'clk'. [C:/Users/dwigh/Xilinx/Basys_3_BCD_to_7_Segment_Display/Basys_3_BCD_to_7_Segment_Display.srcs/constrs_1/imports/new/Basys-3-Master.xdc:7]
CRITICAL WARNING: [Common 17-55] 'set_property' expects at least one object. [C:/Users/dwigh/Xilinx/Basys_3_BCD_to_7_Segment_Display/Basys_3_BCD_to_7_Segment_Display.srcs/constrs_1/imports/new/Basys-3-Master.xdc:7]
Resolution: If [get_<value>] was used to populate the object, check to make sure this command returns at least one valid object.
WARNING: [Vivado 12-584] No ports matched 'clk'. [C:/Users/dwigh/Xilinx/Basys_3_BCD_to_7_Segment_Display/Basys_3_BCD_to_7_Segment_Display.srcs/constrs_1/imports/new/Basys-3-Master.xdc:8]
CRITICAL WARNING: [Vivado 12-4739] create_clock:No valid object(s) found for '-objects [get_ports clk]'. [C:/Users/dwigh/Xilinx/Basys_3_BCD_to_7_Segment_Display/Basys_3_BCD_to_7_Segment_Display.srcs/constrs_1/imports/new/Basys-3-Master.xdc:8]
Resolution: Check if the specified object(s) exists in the current design. If it does, ensure that the correct design hierarchy was specified for the object. If you are working with clocks, make sure create_clock was used to create the clock object before it is referenced.
WARNING: [Vivado 12-584] No ports matched 'btnC'. [C:/Users/dwigh/Xilinx/Basys_3_BCD_to_7_Segment_Display/Basys_3_BCD_to_7_Segment_Display.srcs/constrs_1/imports/new/Basys-3-Master.xdc:67]
CRITICAL WARNING: [Common 17-55] 'set_property' expects at least one object. [C:/Users/dwigh/Xilinx/Basys_3_BCD_to_7_Segment_Display/Basys_3_BCD_to_7_Segment_Display.srcs/constrs_1/imports/new/Basys-3-Master.xdc:67]
Resolution: If [get_<value>] was used to populate the object, check to make sure this command returns at least one valid object.
WARNING: [Vivado 12-584] No ports matched 'btnU'. [C:/Users/dwigh/Xilinx/Basys_3_BCD_to_7_Segment_Display/Basys_3_BCD_to_7_Segment_Display.srcs/constrs_1/imports/new/Basys-3-Master.xdc:68]
CRITICAL WARNING: [Common 17-55] 'set_property' expects at least one object. [C:/Users/dwigh/Xilinx/Basys_3_BCD_to_7_Segment_Display/Basys_3_BCD_to_7_Segment_Display.srcs/constrs_1/imports/new/Basys-3-Master.xdc:68]
Resolution: If [get_<value>] was used to populate the object, check to make sure this command returns at least one valid object.
WARNING: [Vivado 12-584] No ports matched 'btnL'. [C:/Users/dwigh/Xilinx/Basys_3_BCD_to_7_Segment_Display/Basys_3_BCD_to_7_Segment_Display.srcs/constrs_1/imports/new/Basys-3-Master.xdc:69]
CRITICAL WARNING: [Common 17-55] 'set_property' expects at least one object. [C:/Users/dwigh/Xilinx/Basys_3_BCD_to_7_Segment_Display/Basys_3_BCD_to_7_Segment_Display.srcs/constrs_1/imports/new/Basys-3-Master.xdc:69]
Resolution: If [get_<value>] was used to populate the object, check to make sure this command returns at least one valid object.
WARNING: [Vivado 12-584] No ports matched 'btnR'. [C:/Users/dwigh/Xilinx/Basys_3_BCD_to_7_Segment_Display/Basys_3_BCD_to_7_Segment_Display.srcs/constrs_1/imports/new/Basys-3-Master.xdc:70]
CRITICAL WARNING: [Common 17-55] 'set_property' expects at least one object. [C:/Users/dwigh/Xilinx/Basys_3_BCD_to_7_Segment_Display/Basys_3_BCD_to_7_Segment_Display.srcs/constrs_1/imports/new/Basys-3-Master.xdc:70]
Resolution: If [get_<value>] was used to populate the object, check to make sure this command returns at least one valid object.
WARNING: [Vivado 12-584] No ports matched 'btnD'. [C:/Users/dwigh/Xilinx/Basys_3_BCD_to_7_Segment_Display/Basys_3_BCD_to_7_Segment_Display.srcs/constrs_1/imports/new/Basys-3-Master.xdc:71]
CRITICAL WARNING: [Common 17-55] 'set_property' expects at least one object. [C:/Users/dwigh/Xilinx/Basys_3_BCD_to_7_Segment_Display/Basys_3_BCD_to_7_Segment_Display.srcs/constrs_1/imports/new/Basys-3-Master.xdc:71]
Resolution: If [get_<value>] was used to populate the object, check to make sure this command returns at least one valid object.
WARNING: [Vivado 12-584] No ports matched 'JA[0]'. [C:/Users/dwigh/Xilinx/Basys_3_BCD_to_7_Segment_Display/Basys_3_BCD_to_7_Segment_Display.srcs/constrs_1/imports/new/Basys-3-Master.xdc:75]
CRITICAL WARNING: [Common 17-55] 'set_property' expects at least one object. [C:/Users/dwigh/Xilinx/Basys_3_BCD_to_7_Segment_Display/Basys_3_BCD_to_7_Segment_Display.srcs/constrs_1/imports/new/Basys-3-Master.xdc:75]
Resolution: If [get_<value>] was used to populate the object, check to make sure this command returns at least one valid object.
WARNING: [Vivado 12-584] No ports matched 'JA[1]'. [C:/Users/dwigh/Xilinx/Basys_3_BCD_to_7_Segment_Display/Basys_3_BCD_to_7_Segment_Display.srcs/constrs_1/imports/new/Basys-3-Master.xdc:76]
CRITICAL WARNING: [Common 17-55] 'set_property' expects at least one object. [C:/Users/dwigh/Xilinx/Basys_3_BCD_to_7_Segment_Display/Basys_3_BCD_to_7_Segment_Display.srcs/constrs_1/imports/new/Basys-3-Master.xdc:76]
Resolution: If [get_<value>] was used to populate the object, check to make sure this command returns at least one valid object.
WARNING: [Vivado 12-584] No ports matched 'JA[2]'. [C:/Users/dwigh/Xilinx/Basys_3_BCD_to_7_Segment_Display/Basys_3_BCD_to_7_Segment_Display.srcs/constrs_1/imports/new/Basys-3-Master.xdc:77]
CRITICAL WARNING: [Common 17-55] 'set_property' expects at least one object. [C:/Users/dwigh/Xilinx/Basys_3_BCD_to_7_Segment_Display/Basys_3_BCD_to_7_Segment_Display.srcs/constrs_1/imports/new/Basys-3-Master.xdc:77]
Resolution: If [get_<value>] was used to populate the object, check to make sure this command returns at least one valid object.
WARNING: [Vivado 12-584] No ports matched 'JA[3]'. [C:/Users/dwigh/Xilinx/Basys_3_BCD_to_7_Segment_Display/Basys_3_BCD_to_7_Segment_Display.srcs/constrs_1/imports/new/Basys-3-Master.xdc:78]
CRITICAL WARNING: [Common 17-55] 'set_property' expects at least one object. [C:/Users/dwigh/Xilinx/Basys_3_BCD_to_7_Segment_Display/Basys_3_BCD_to_7_Segment_Display.srcs/constrs_1/imports/new/Basys-3-Master.xdc:78]
Resolution: If [get_<value>] was used to populate the object, check to make sure this command returns at least one valid object.
WARNING: [Vivado 12-584] No ports matched 'JA[4]'. [C:/Users/dwigh/Xilinx/Basys_3_BCD_to_7_Segment_Display/Basys_3_BCD_to_7_Segment_Display.srcs/constrs_1/imports/new/Basys-3-Master.xdc:79]
CRITICAL WARNING: [Common 17-55] 'set_property' expects at least one object. [C:/Users/dwigh/Xilinx/Basys_3_BCD_to_7_Segment_Display/Basys_3_BCD_to_7_Segment_Display.srcs/constrs_1/imports/new/Basys-3-Master.xdc:79]
Resolution: If [get_<value>] was used to populate the object, check to make sure this command returns at least one valid object.
WARNING: [Vivado 12-584] No ports matched 'JA[5]'. [C:/Users/dwigh/Xilinx/Basys_3_BCD_to_7_Segment_Display/Basys_3_BCD_to_7_Segment_Display.srcs/constrs_1/imports/new/Basys-3-Master.xdc:80]
CRITICAL WARNING: [Common 17-55] 'set_property' expects at least one object. [C:/Users/dwigh/Xilinx/Basys_3_BCD_to_7_Segment_Display/Basys_3_BCD_to_7_Segment_Display.srcs/constrs_1/imports/new/Basys-3-Master.xdc:80]
Resolution: If [get_<value>] was used to populate the object, check to make sure this command returns at least one valid object.
WARNING: [Vivado 12-584] No ports matched 'JA[6]'. [C:/Users/dwigh/Xilinx/Basys_3_BCD_to_7_Segment_Display/Basys_3_BCD_to_7_Segment_Display.srcs/constrs_1/imports/new/Basys-3-Master.xdc:81]
CRITICAL WARNING: [Common 17-55] 'set_property' expects at least one object. [C:/Users/dwigh/Xilinx/Basys_3_BCD_to_7_Segment_Display/Basys_3_BCD_to_7_Segment_Display.srcs/constrs_1/imports/new/Basys-3-Master.xdc:81]
Resolution: If [get_<value>] was used to populate the object, check to make sure this command returns at least one valid object.
WARNING: [Vivado 12-584] No ports matched 'JA[7]'. [C:/Users/dwigh/Xilinx/Basys_3_BCD_to_7_Segment_Display/Basys_3_BCD_to_7_Segment_Display.srcs/constrs_1/imports/new/Basys-3-Master.xdc:82]
CRITICAL WARNING: [Common 17-55] 'set_property' expects at least one object. [C:/Users/dwigh/Xilinx/Basys_3_BCD_to_7_Segment_Display/Basys_3_BCD_to_7_Segment_Display.srcs/constrs_1/imports/new/Basys-3-Master.xdc:82]
Resolution: If [get_<value>] was used to populate the object, check to make sure this command returns at least one valid object.
WARNING: [Vivado 12-584] No ports matched 'JB[0]'. [C:/Users/dwigh/Xilinx/Basys_3_BCD_to_7_Segment_Display/Basys_3_BCD_to_7_Segment_Display.srcs/constrs_1/imports/new/Basys-3-Master.xdc:85]
CRITICAL WARNING: [Common 17-55] 'set_property' expects at least one object. [C:/Users/dwigh/Xilinx/Basys_3_BCD_to_7_Segment_Display/Basys_3_BCD_to_7_Segment_Display.srcs/constrs_1/imports/new/Basys-3-Master.xdc:85]
Resolution: If [get_<value>] was used to populate the object, check to make sure this command returns at least one valid object.
WARNING: [Vivado 12-584] No ports matched 'JB[1]'. [C:/Users/dwigh/Xilinx/Basys_3_BCD_to_7_Segment_Display/Basys_3_BCD_to_7_Segment_Display.srcs/constrs_1/imports/new/Basys-3-Master.xdc:86]
CRITICAL WARNING: [Common 17-55] 'set_property' expects at least one object. [C:/Users/dwigh/Xilinx/Basys_3_BCD_to_7_Segment_Display/Basys_3_BCD_to_7_Segment_Display.srcs/constrs_1/imports/new/Basys-3-Master.xdc:86]
Resolution: If [get_<value>] was used to populate the object, check to make sure this command returns at least one valid object.
WARNING: [Vivado 12-584] No ports matched 'JB[2]'. [C:/Users/dwigh/Xilinx/Basys_3_BCD_to_7_Segment_Display/Basys_3_BCD_to_7_Segment_Display.srcs/constrs_1/imports/new/Basys-3-Master.xdc:87]
CRITICAL WARNING: [Common 17-55] 'set_property' expects at least one object. [C:/Users/dwigh/Xilinx/Basys_3_BCD_to_7_Segment_Display/Basys_3_BCD_to_7_Segment_Display.srcs/constrs_1/imports/new/Basys-3-Master.xdc:87]
Resolution: If [get_<value>] was used to populate the object, check to make sure this command returns at least one valid object.
WARNING: [Vivado 12-584] No ports matched 'JB[3]'. [C:/Users/dwigh/Xilinx/Basys_3_BCD_to_7_Segment_Display/Basys_3_BCD_to_7_Segment_Display.srcs/constrs_1/imports/new/Basys-3-Master.xdc:88]
CRITICAL WARNING: [Common 17-55] 'set_property' expects at least one object. [C:/Users/dwigh/Xilinx/Basys_3_BCD_to_7_Segment_Display/Basys_3_BCD_to_7_Segment_Display.srcs/constrs_1/imports/new/Basys-3-Master.xdc:88]
Resolution: If [get_<value>] was used to populate the object, check to make sure this command returns at least one valid object.
WARNING: [Vivado 12-584] No ports matched 'JB[4]'. [C:/Users/dwigh/Xilinx/Basys_3_BCD_to_7_Segment_Display/Basys_3_BCD_to_7_Segment_Display.srcs/constrs_1/imports/new/Basys-3-Master.xdc:89]
CRITICAL WARNING: [Common 17-55] 'set_property' expects at least one object. [C:/Users/dwigh/Xilinx/Basys_3_BCD_to_7_Segment_Display/Basys_3_BCD_to_7_Segment_Display.srcs/constrs_1/imports/new/Basys-3-Master.xdc:89]
Resolution: If [get_<value>] was used to populate the object, check to make sure this command returns at least one valid object.
WARNING: [Vivado 12-584] No ports matched 'JB[5]'. [C:/Users/dwigh/Xilinx/Basys_3_BCD_to_7_Segment_Display/Basys_3_BCD_to_7_Segment_Display.srcs/constrs_1/imports/new/Basys-3-Master.xdc:90]
CRITICAL WARNING: [Common 17-55] 'set_property' expects at least one object. [C:/Users/dwigh/Xilinx/Basys_3_BCD_to_7_Segment_Display/Basys_3_BCD_to_7_Segment_Display.srcs/constrs_1/imports/new/Basys-3-Master.xdc:90]
Resolution: If [get_<value>] was used to populate the object, check to make sure this command returns at least one valid object.
WARNING: [Vivado 12-584] No ports matched 'JB[6]'. [C:/Users/dwigh/Xilinx/Basys_3_BCD_to_7_Segment_Display/Basys_3_BCD_to_7_Segment_Display.srcs/constrs_1/imports/new/Basys-3-Master.xdc:91]
CRITICAL WARNING: [Common 17-55] 'set_property' expects at least one object. [C:/Users/dwigh/Xilinx/Basys_3_BCD_to_7_Segment_Display/Basys_3_BCD_to_7_Segment_Display.srcs/constrs_1/imports/new/Basys-3-Master.xdc:91]
Resolution: If [get_<value>] was used to populate the object, check to make sure this command returns at least one valid object.
WARNING: [Vivado 12-584] No ports matched 'JB[7]'. [C:/Users/dwigh/Xilinx/Basys_3_BCD_to_7_Segment_Display/Basys_3_BCD_to_7_Segment_Display.srcs/constrs_1/imports/new/Basys-3-Master.xdc:92]
CRITICAL WARNING: [Common 17-55] 'set_property' expects at least one object. [C:/Users/dwigh/Xilinx/Basys_3_BCD_to_7_Segment_Display/Basys_3_BCD_to_7_Segment_Display.srcs/constrs_1/imports/new/Basys-3-Master.xdc:92]
Resolution: If [get_<value>] was used to populate the object, check to make sure this command returns at least one valid object.
WARNING: [Vivado 12-584] No ports matched 'JC[0]'. [C:/Users/dwigh/Xilinx/Basys_3_BCD_to_7_Segment_Display/Basys_3_BCD_to_7_Segment_Display.srcs/constrs_1/imports/new/Basys-3-Master.xdc:95]
CRITICAL WARNING: [Common 17-55] 'set_property' expects at least one object. [C:/Users/dwigh/Xilinx/Basys_3_BCD_to_7_Segment_Display/Basys_3_BCD_to_7_Segment_Display.srcs/constrs_1/imports/new/Basys-3-Master.xdc:95]
Resolution: If [get_<value>] was used to populate the object, check to make sure this command returns at least one valid object.
WARNING: [Vivado 12-584] No ports matched 'JC[1]'. [C:/Users/dwigh/Xilinx/Basys_3_BCD_to_7_Segment_Display/Basys_3_BCD_to_7_Segment_Display.srcs/constrs_1/imports/new/Basys-3-Master.xdc:96]
CRITICAL WARNING: [Common 17-55] 'set_property' expects at least one object. [C:/Users/dwigh/Xilinx/Basys_3_BCD_to_7_Segment_Display/Basys_3_BCD_to_7_Segment_Display.srcs/constrs_1/imports/new/Basys-3-Master.xdc:96]
Resolution: If [get_<value>] was used to populate the object, check to make sure this command returns at least one valid object.
WARNING: [Vivado 12-584] No ports matched 'JC[2]'. [C:/Users/dwigh/Xilinx/Basys_3_BCD_to_7_Segment_Display/Basys_3_BCD_to_7_Segment_Display.srcs/constrs_1/imports/new/Basys-3-Master.xdc:97]
CRITICAL WARNING: [Common 17-55] 'set_property' expects at least one object. [C:/Users/dwigh/Xilinx/Basys_3_BCD_to_7_Segment_Display/Basys_3_BCD_to_7_Segment_Display.srcs/constrs_1/imports/new/Basys-3-Master.xdc:97]
Resolution: If [get_<value>] was used to populate the object, check to make sure this command returns at least one valid object.
WARNING: [Vivado 12-584] No ports matched 'JC[3]'. [C:/Users/dwigh/Xilinx/Basys_3_BCD_to_7_Segment_Display/Basys_3_BCD_to_7_Segment_Display.srcs/constrs_1/imports/new/Basys-3-Master.xdc:98]
CRITICAL WARNING: [Common 17-55] 'set_property' expects at least one object. [C:/Users/dwigh/Xilinx/Basys_3_BCD_to_7_Segment_Display/Basys_3_BCD_to_7_Segment_Display.srcs/constrs_1/imports/new/Basys-3-Master.xdc:98]
Resolution: If [get_<value>] was used to populate the object, check to make sure this command returns at least one valid object.
WARNING: [Vivado 12-584] No ports matched 'JC[4]'. [C:/Users/dwigh/Xilinx/Basys_3_BCD_to_7_Segment_Display/Basys_3_BCD_to_7_Segment_Display.srcs/constrs_1/imports/new/Basys-3-Master.xdc:99]
CRITICAL WARNING: [Common 17-55] 'set_property' expects at least one object. [C:/Users/dwigh/Xilinx/Basys_3_BCD_to_7_Segment_Display/Basys_3_BCD_to_7_Segment_Display.srcs/constrs_1/imports/new/Basys-3-Master.xdc:99]
Resolution: If [get_<value>] was used to populate the object, check to make sure this command returns at least one valid object.
WARNING: [Vivado 12-584] No ports matched 'JC[5]'. [C:/Users/dwigh/Xilinx/Basys_3_BCD_to_7_Segment_Display/Basys_3_BCD_to_7_Segment_Display.srcs/constrs_1/imports/new/Basys-3-Master.xdc:100]
CRITICAL WARNING: [Common 17-55] 'set_property' expects at least one object. [C:/Users/dwigh/Xilinx/Basys_3_BCD_to_7_Segment_Display/Basys_3_BCD_to_7_Segment_Display.srcs/constrs_1/imports/new/Basys-3-Master.xdc:100]
Resolution: If [get_<value>] was used to populate the object, check to make sure this command returns at least one valid object.
WARNING: [Vivado 12-584] No ports matched 'JC[6]'. [C:/Users/dwigh/Xilinx/Basys_3_BCD_to_7_Segment_Display/Basys_3_BCD_to_7_Segment_Display.srcs/constrs_1/imports/new/Basys-3-Master.xdc:101]
CRITICAL WARNING: [Common 17-55] 'set_property' expects at least one object. [C:/Users/dwigh/Xilinx/Basys_3_BCD_to_7_Segment_Display/Basys_3_BCD_to_7_Segment_Display.srcs/constrs_1/imports/new/Basys-3-Master.xdc:101]
Resolution: If [get_<value>] was used to populate the object, check to make sure this command returns at least one valid object.
WARNING: [Vivado 12-584] No ports matched 'JC[7]'. [C:/Users/dwigh/Xilinx/Basys_3_BCD_to_7_Segment_Display/Basys_3_BCD_to_7_Segment_Display.srcs/constrs_1/imports/new/Basys-3-Master.xdc:102]
CRITICAL WARNING: [Common 17-55] 'set_property' expects at least one object. [C:/Users/dwigh/Xilinx/Basys_3_BCD_to_7_Segment_Display/Basys_3_BCD_to_7_Segment_Display.srcs/constrs_1/imports/new/Basys-3-Master.xdc:102]
Resolution: If [get_<value>] was used to populate the object, check to make sure this command returns at least one valid object.
WARNING: [Vivado 12-584] No ports matched 'JXADC[0]'. [C:/Users/dwigh/Xilinx/Basys_3_BCD_to_7_Segment_Display/Basys_3_BCD_to_7_Segment_Display.srcs/constrs_1/imports/new/Basys-3-Master.xdc:105]
CRITICAL WARNING: [Common 17-55] 'set_property' expects at least one object. [C:/Users/dwigh/Xilinx/Basys_3_BCD_to_7_Segment_Display/Basys_3_BCD_to_7_Segment_Display.srcs/constrs_1/imports/new/Basys-3-Master.xdc:105]
Resolution: If [get_<value>] was used to populate the object, check to make sure this command returns at least one valid object.
WARNING: [Vivado 12-584] No ports matched 'JXADC[1]'. [C:/Users/dwigh/Xilinx/Basys_3_BCD_to_7_Segment_Display/Basys_3_BCD_to_7_Segment_Display.srcs/constrs_1/imports/new/Basys-3-Master.xdc:106]
CRITICAL WARNING: [Common 17-55] 'set_property' expects at least one object. [C:/Users/dwigh/Xilinx/Basys_3_BCD_to_7_Segment_Display/Basys_3_BCD_to_7_Segment_Display.srcs/constrs_1/imports/new/Basys-3-Master.xdc:106]
Resolution: If [get_<value>] was used to populate the object, check to make sure this command returns at least one valid object.
WARNING: [Vivado 12-584] No ports matched 'JXADC[2]'. [C:/Users/dwigh/Xilinx/Basys_3_BCD_to_7_Segment_Display/Basys_3_BCD_to_7_Segment_Display.srcs/constrs_1/imports/new/Basys-3-Master.xdc:107]
CRITICAL WARNING: [Common 17-55] 'set_property' expects at least one object. [C:/Users/dwigh/Xilinx/Basys_3_BCD_to_7_Segment_Display/Basys_3_BCD_to_7_Segment_Display.srcs/constrs_1/imports/new/Basys-3-Master.xdc:107]
Resolution: If [get_<value>] was used to populate the object, check to make sure this command returns at least one valid object.
WARNING: [Vivado 12-584] No ports matched 'JXADC[3]'. [C:/Users/dwigh/Xilinx/Basys_3_BCD_to_7_Segment_Display/Basys_3_BCD_to_7_Segment_Display.srcs/constrs_1/imports/new/Basys-3-Master.xdc:108]
CRITICAL WARNING: [Common 17-55] 'set_property' expects at least one object. [C:/Users/dwigh/Xilinx/Basys_3_BCD_to_7_Segment_Display/Basys_3_BCD_to_7_Segment_Display.srcs/constrs_1/imports/new/Basys-3-Master.xdc:108]
Resolution: If [get_<value>] was used to populate the object, check to make sure this command returns at least one valid object.
WARNING: [Vivado 12-584] No ports matched 'JXADC[4]'. [C:/Users/dwigh/Xilinx/Basys_3_BCD_to_7_Segment_Display/Basys_3_BCD_to_7_Segment_Display.srcs/constrs_1/imports/new/Basys-3-Master.xdc:109]
CRITICAL WARNING: [Common 17-55] 'set_property' expects at least one object. [C:/Users/dwigh/Xilinx/Basys_3_BCD_to_7_Segment_Display/Basys_3_BCD_to_7_Segment_Display.srcs/constrs_1/imports/new/Basys-3-Master.xdc:109]
Resolution: If [get_<value>] was used to populate the object, check to make sure this command returns at least one valid object.
WARNING: [Vivado 12-584] No ports matched 'JXADC[5]'. [C:/Users/dwigh/Xilinx/Basys_3_BCD_to_7_Segment_Display/Basys_3_BCD_to_7_Segment_Display.srcs/constrs_1/imports/new/Basys-3-Master.xdc:110]
CRITICAL WARNING: [Common 17-55] 'set_property' expects at least one object. [C:/Users/dwigh/Xilinx/Basys_3_BCD_to_7_Segment_Display/Basys_3_BCD_to_7_Segment_Display.srcs/constrs_1/imports/new/Basys-3-Master.xdc:110]
Resolution: If [get_<value>] was used to populate the object, check to make sure this command returns at least one valid object.
WARNING: [Vivado 12-584] No ports matched 'JXADC[6]'. [C:/Users/dwigh/Xilinx/Basys_3_BCD_to_7_Segment_Display/Basys_3_BCD_to_7_Segment_Display.srcs/constrs_1/imports/new/Basys-3-Master.xdc:111]
CRITICAL WARNING: [Common 17-55] 'set_property' expects at least one object. [C:/Users/dwigh/Xilinx/Basys_3_BCD_to_7_Segment_Display/Basys_3_BCD_to_7_Segment_Display.srcs/constrs_1/imports/new/Basys-3-Master.xdc:111]
Resolution: If [get_<value>] was used to populate the object, check to make sure this command returns at least one valid object.
WARNING: [Vivado 12-584] No ports matched 'JXADC[7]'. [C:/Users/dwigh/Xilinx/Basys_3_BCD_to_7_Segment_Display/Basys_3_BCD_to_7_Segment_Display.srcs/constrs_1/imports/new/Basys-3-Master.xdc:112]
CRITICAL WARNING: [Common 17-55] 'set_property' expects at least one object. [C:/Users/dwigh/Xilinx/Basys_3_BCD_to_7_Segment_Display/Basys_3_BCD_to_7_Segment_Display.srcs/constrs_1/imports/new/Basys-3-Master.xdc:112]
Resolution: If [get_<value>] was used to populate the object, check to make sure this command returns at least one valid object.
WARNING: [Vivado 12-584] No ports matched 'vgaRed[0]'. [C:/Users/dwigh/Xilinx/Basys_3_BCD_to_7_Segment_Display/Basys_3_BCD_to_7_Segment_Display.srcs/constrs_1/imports/new/Basys-3-Master.xdc:116]
CRITICAL WARNING: [Common 17-55] 'set_property' expects at least one object. [C:/Users/dwigh/Xilinx/Basys_3_BCD_to_7_Segment_Display/Basys_3_BCD_to_7_Segment_Display.srcs/constrs_1/imports/new/Basys-3-Master.xdc:116]
Resolution: If [get_<value>] was used to populate the object, check to make sure this command returns at least one valid object.
WARNING: [Vivado 12-584] No ports matched 'vgaRed[1]'. [C:/Users/dwigh/Xilinx/Basys_3_BCD_to_7_Segment_Display/Basys_3_BCD_to_7_Segment_Display.srcs/constrs_1/imports/new/Basys-3-Master.xdc:117]
CRITICAL WARNING: [Common 17-55] 'set_property' expects at least one object. [C:/Users/dwigh/Xilinx/Basys_3_BCD_to_7_Segment_Display/Basys_3_BCD_to_7_Segment_Display.srcs/constrs_1/imports/new/Basys-3-Master.xdc:117]
Resolution: If [get_<value>] was used to populate the object, check to make sure this command returns at least one valid object.
WARNING: [Vivado 12-584] No ports matched 'vgaRed[2]'. [C:/Users/dwigh/Xilinx/Basys_3_BCD_to_7_Segment_Display/Basys_3_BCD_to_7_Segment_Display.srcs/constrs_1/imports/new/Basys-3-Master.xdc:118]
CRITICAL WARNING: [Common 17-55] 'set_property' expects at least one object. [C:/Users/dwigh/Xilinx/Basys_3_BCD_to_7_Segment_Display/Basys_3_BCD_to_7_Segment_Display.srcs/constrs_1/imports/new/Basys-3-Master.xdc:118]
Resolution: If [get_<value>] was used to populate the object, check to make sure this command returns at least one valid object.
WARNING: [Vivado 12-584] No ports matched 'vgaRed[3]'. [C:/Users/dwigh/Xilinx/Basys_3_BCD_to_7_Segment_Display/Basys_3_BCD_to_7_Segment_Display.srcs/constrs_1/imports/new/Basys-3-Master.xdc:119]
CRITICAL WARNING: [Common 17-55] 'set_property' expects at least one object. [C:/Users/dwigh/Xilinx/Basys_3_BCD_to_7_Segment_Display/Basys_3_BCD_to_7_Segment_Display.srcs/constrs_1/imports/new/Basys-3-Master.xdc:119]
Resolution: If [get_<value>] was used to populate the object, check to make sure this command returns at least one valid object.
WARNING: [Vivado 12-584] No ports matched 'vgaBlue[0]'. [C:/Users/dwigh/Xilinx/Basys_3_BCD_to_7_Segment_Display/Basys_3_BCD_to_7_Segment_Display.srcs/constrs_1/imports/new/Basys-3-Master.xdc:120]
CRITICAL WARNING: [Common 17-55] 'set_property' expects at least one object. [C:/Users/dwigh/Xilinx/Basys_3_BCD_to_7_Segment_Display/Basys_3_BCD_to_7_Segment_Display.srcs/constrs_1/imports/new/Basys-3-Master.xdc:120]
Resolution: If [get_<value>] was used to populate the object, check to make sure this command returns at least one valid object.
WARNING: [Vivado 12-584] No ports matched 'vgaBlue[1]'. [C:/Users/dwigh/Xilinx/Basys_3_BCD_to_7_Segment_Display/Basys_3_BCD_to_7_Segment_Display.srcs/constrs_1/imports/new/Basys-3-Master.xdc:121]
CRITICAL WARNING: [Common 17-55] 'set_property' expects at least one object. [C:/Users/dwigh/Xilinx/Basys_3_BCD_to_7_Segment_Display/Basys_3_BCD_to_7_Segment_Display.srcs/constrs_1/imports/new/Basys-3-Master.xdc:121]
Resolution: If [get_<value>] was used to populate the object, check to make sure this command returns at least one valid object.
WARNING: [Vivado 12-584] No ports matched 'vgaBlue[2]'. [C:/Users/dwigh/Xilinx/Basys_3_BCD_to_7_Segment_Display/Basys_3_BCD_to_7_Segment_Display.srcs/constrs_1/imports/new/Basys-3-Master.xdc:122]
CRITICAL WARNING: [Common 17-55] 'set_property' expects at least one object. [C:/Users/dwigh/Xilinx/Basys_3_BCD_to_7_Segment_Display/Basys_3_BCD_to_7_Segment_Display.srcs/constrs_1/imports/new/Basys-3-Master.xdc:122]
Resolution: If [get_<value>] was used to populate the object, check to make sure this command returns at least one valid object.
WARNING: [Vivado 12-584] No ports matched 'vgaBlue[3]'. [C:/Users/dwigh/Xilinx/Basys_3_BCD_to_7_Segment_Display/Basys_3_BCD_to_7_Segment_Display.srcs/constrs_1/imports/new/Basys-3-Master.xdc:123]
CRITICAL WARNING: [Common 17-55] 'set_property' expects at least one object. [C:/Users/dwigh/Xilinx/Basys_3_BCD_to_7_Segment_Display/Basys_3_BCD_to_7_Segment_Display.srcs/constrs_1/imports/new/Basys-3-Master.xdc:123]
Resolution: If [get_<value>] was used to populate the object, check to make sure this command returns at least one valid object.
WARNING: [Vivado 12-584] No ports matched 'vgaGreen[0]'. [C:/Users/dwigh/Xilinx/Basys_3_BCD_to_7_Segment_Display/Basys_3_BCD_to_7_Segment_Display.srcs/constrs_1/imports/new/Basys-3-Master.xdc:124]
CRITICAL WARNING: [Common 17-55] 'set_property' expects at least one object. [C:/Users/dwigh/Xilinx/Basys_3_BCD_to_7_Segment_Display/Basys_3_BCD_to_7_Segment_Display.srcs/constrs_1/imports/new/Basys-3-Master.xdc:124]
Resolution: If [get_<value>] was used to populate the object, check to make sure this command returns at least one valid object.
WARNING: [Vivado 12-584] No ports matched 'vgaGreen[1]'. [C:/Users/dwigh/Xilinx/Basys_3_BCD_to_7_Segment_Display/Basys_3_BCD_to_7_Segment_Display.srcs/constrs_1/imports/new/Basys-3-Master.xdc:125]
CRITICAL WARNING: [Common 17-55] 'set_property' expects at least one object. [C:/Users/dwigh/Xilinx/Basys_3_BCD_to_7_Segment_Display/Basys_3_BCD_to_7_Segment_Display.srcs/constrs_1/imports/new/Basys-3-Master.xdc:125]
Resolution: If [get_<value>] was used to populate the object, check to make sure this command returns at least one valid object.
WARNING: [Vivado 12-584] No ports matched 'vgaGreen[2]'. [C:/Users/dwigh/Xilinx/Basys_3_BCD_to_7_Segment_Display/Basys_3_BCD_to_7_Segment_Display.srcs/constrs_1/imports/new/Basys-3-Master.xdc:126]
CRITICAL WARNING: [Common 17-55] 'set_property' expects at least one object. [C:/Users/dwigh/Xilinx/Basys_3_BCD_to_7_Segment_Display/Basys_3_BCD_to_7_Segment_Display.srcs/constrs_1/imports/new/Basys-3-Master.xdc:126]
Resolution: If [get_<value>] was used to populate the object, check to make sure this command returns at least one valid object.
WARNING: [Vivado 12-584] No ports matched 'vgaGreen[3]'. [C:/Users/dwigh/Xilinx/Basys_3_BCD_to_7_Segment_Display/Basys_3_BCD_to_7_Segment_Display.srcs/constrs_1/imports/new/Basys-3-Master.xdc:127]
CRITICAL WARNING: [Common 17-55] 'set_property' expects at least one object. [C:/Users/dwigh/Xilinx/Basys_3_BCD_to_7_Segment_Display/Basys_3_BCD_to_7_Segment_Display.srcs/constrs_1/imports/new/Basys-3-Master.xdc:127]
Resolution: If [get_<value>] was used to populate the object, check to make sure this command returns at least one valid object.
WARNING: [Vivado 12-584] No ports matched 'Hsync'. [C:/Users/dwigh/Xilinx/Basys_3_BCD_to_7_Segment_Display/Basys_3_BCD_to_7_Segment_Display.srcs/constrs_1/imports/new/Basys-3-Master.xdc:128]
CRITICAL WARNING: [Common 17-55] 'set_property' expects at least one object. [C:/Users/dwigh/Xilinx/Basys_3_BCD_to_7_Segment_Display/Basys_3_BCD_to_7_Segment_Display.srcs/constrs_1/imports/new/Basys-3-Master.xdc:128]
Resolution: If [get_<value>] was used to populate the object, check to make sure this command returns at least one valid object.
WARNING: [Vivado 12-584] No ports matched 'Vsync'. [C:/Users/dwigh/Xilinx/Basys_3_BCD_to_7_Segment_Display/Basys_3_BCD_to_7_Segment_Display.srcs/constrs_1/imports/new/Basys-3-Master.xdc:129]
CRITICAL WARNING: [Common 17-55] 'set_property' expects at least one object. [C:/Users/dwigh/Xilinx/Basys_3_BCD_to_7_Segment_Display/Basys_3_BCD_to_7_Segment_Display.srcs/constrs_1/imports/new/Basys-3-Master.xdc:129]
Resolution: If [get_<value>] was used to populate the object, check to make sure this command returns at least one valid object.
WARNING: [Vivado 12-584] No ports matched 'RsRx'. [C:/Users/dwigh/Xilinx/Basys_3_BCD_to_7_Segment_Display/Basys_3_BCD_to_7_Segment_Display.srcs/constrs_1/imports/new/Basys-3-Master.xdc:133]
CRITICAL WARNING: [Common 17-55] 'set_property' expects at least one object. [C:/Users/dwigh/Xilinx/Basys_3_BCD_to_7_Segment_Display/Basys_3_BCD_to_7_Segment_Display.srcs/constrs_1/imports/new/Basys-3-Master.xdc:133]
Resolution: If [get_<value>] was used to populate the object, check to make sure this command returns at least one valid object.
WARNING: [Vivado 12-584] No ports matched 'RsTx'. [C:/Users/dwigh/Xilinx/Basys_3_BCD_to_7_Segment_Display/Basys_3_BCD_to_7_Segment_Display.srcs/constrs_1/imports/new/Basys-3-Master.xdc:134]
CRITICAL WARNING: [Common 17-55] 'set_property' expects at least one object. [C:/Users/dwigh/Xilinx/Basys_3_BCD_to_7_Segment_Display/Basys_3_BCD_to_7_Segment_Display.srcs/constrs_1/imports/new/Basys-3-Master.xdc:134]
Resolution: If [get_<value>] was used to populate the object, check to make sure this command returns at least one valid object.
WARNING: [Vivado 12-584] No ports matched 'PS2Clk'. [C:/Users/dwigh/Xilinx/Basys_3_BCD_to_7_Segment_Display/Basys_3_BCD_to_7_Segment_Display.srcs/constrs_1/imports/new/Basys-3-Master.xdc:138]
CRITICAL WARNING: [Common 17-55] 'set_property' expects at least one object. [C:/Users/dwigh/Xilinx/Basys_3_BCD_to_7_Segment_Display/Basys_3_BCD_to_7_Segment_Display.srcs/constrs_1/imports/new/Basys-3-Master.xdc:138]
Resolution: If [get_<value>] was used to populate the object, check to make sure this command returns at least one valid object.
WARNING: [Vivado 12-584] No ports matched 'PS2Data'. [C:/Users/dwigh/Xilinx/Basys_3_BCD_to_7_Segment_Display/Basys_3_BCD_to_7_Segment_Display.srcs/constrs_1/imports/new/Basys-3-Master.xdc:139]
CRITICAL WARNING: [Common 17-55] 'set_property' expects at least one object. [C:/Users/dwigh/Xilinx/Basys_3_BCD_to_7_Segment_Display/Basys_3_BCD_to_7_Segment_Display.srcs/constrs_1/imports/new/Basys-3-Master.xdc:139]
Resolution: If [get_<value>] was used to populate the object, check to make sure this command returns at least one valid object.
WARNING: [Vivado 12-584] No ports matched 'QspiDB[0]'. [C:/Users/dwigh/Xilinx/Basys_3_BCD_to_7_Segment_Display/Basys_3_BCD_to_7_Segment_Display.srcs/constrs_1/imports/new/Basys-3-Master.xdc:145]
CRITICAL WARNING: [Common 17-55] 'set_property' expects at least one object. [C:/Users/dwigh/Xilinx/Basys_3_BCD_to_7_Segment_Display/Basys_3_BCD_to_7_Segment_Display.srcs/constrs_1/imports/new/Basys-3-Master.xdc:145]
Resolution: If [get_<value>] was used to populate the object, check to make sure this command returns at least one valid object.
WARNING: [Vivado 12-584] No ports matched 'QspiDB[1]'. [C:/Users/dwigh/Xilinx/Basys_3_BCD_to_7_Segment_Display/Basys_3_BCD_to_7_Segment_Display.srcs/constrs_1/imports/new/Basys-3-Master.xdc:146]
CRITICAL WARNING: [Common 17-55] 'set_property' expects at least one object. [C:/Users/dwigh/Xilinx/Basys_3_BCD_to_7_Segment_Display/Basys_3_BCD_to_7_Segment_Display.srcs/constrs_1/imports/new/Basys-3-Master.xdc:146]
Resolution: If [get_<value>] was used to populate the object, check to make sure this command returns at least one valid object.
WARNING: [Vivado 12-584] No ports matched 'QspiDB[2]'. [C:/Users/dwigh/Xilinx/Basys_3_BCD_to_7_Segment_Display/Basys_3_BCD_to_7_Segment_Display.srcs/constrs_1/imports/new/Basys-3-Master.xdc:147]
CRITICAL WARNING: [Common 17-55] 'set_property' expects at least one object. [C:/Users/dwigh/Xilinx/Basys_3_BCD_to_7_Segment_Display/Basys_3_BCD_to_7_Segment_Display.srcs/constrs_1/imports/new/Basys-3-Master.xdc:147]
Resolution: If [get_<value>] was used to populate the object, check to make sure this command returns at least one valid object.
WARNING: [Vivado 12-584] No ports matched 'QspiDB[3]'. [C:/Users/dwigh/Xilinx/Basys_3_BCD_to_7_Segment_Display/Basys_3_BCD_to_7_Segment_Display.srcs/constrs_1/imports/new/Basys-3-Master.xdc:148]
CRITICAL WARNING: [Common 17-55] 'set_property' expects at least one object. [C:/Users/dwigh/Xilinx/Basys_3_BCD_to_7_Segment_Display/Basys_3_BCD_to_7_Segment_Display.srcs/constrs_1/imports/new/Basys-3-Master.xdc:148]
Resolution: If [get_<value>] was used to populate the object, check to make sure this command returns at least one valid object.
WARNING: [Vivado 12-584] No ports matched 'QspiCSn'. [C:/Users/dwigh/Xilinx/Basys_3_BCD_to_7_Segment_Display/Basys_3_BCD_to_7_Segment_Display.srcs/constrs_1/imports/new/Basys-3-Master.xdc:149]
CRITICAL WARNING: [Common 17-55] 'set_property' expects at least one object. [C:/Users/dwigh/Xilinx/Basys_3_BCD_to_7_Segment_Display/Basys_3_BCD_to_7_Segment_Display.srcs/constrs_1/imports/new/Basys-3-Master.xdc:149]
Resolution: If [get_<value>] was used to populate the object, check to make sure this command returns at least one valid object.
Finished Parsing XDC File [C:/Users/dwigh/Xilinx/Basys_3_BCD_to_7_Segment_Display/Basys_3_BCD_to_7_Segment_Display.srcs/constrs_1/imports/new/Basys-3-Master.xdc]
INFO: [Project 1-236] Implementation specific constraints were found while reading constraint file [C:/Users/dwigh/Xilinx/Basys_3_BCD_to_7_Segment_Display/Basys_3_BCD_to_7_Segment_Display.srcs/constrs_1/imports/new/Basys-3-Master.xdc]. These constraints will be ignored for synthesis but will be used in implementation. Impacted constraints are listed in the file [.Xil/BCD_to_7_Segment_Display_propImpl.xdc].
Resolution: To avoid this warning, move constraints listed in [.Xil/BCD_to_7_Segment_Display_propImpl.xdc] to another XDC file and exclude this new file from synthesis with the used_in_synthesis property (File Properties dialog in GUI) and re-run elaboration/synthesis.
Completed Processing XDC Constraints

Netlist sorting complete. Time (s): cpu = 00:00:00 ; elapsed = 00:00:00 . Memory (MB): peak = 1212.082 ; gain = 0.000
INFO: [Project 1-111] Unisim Transformation Summary:
No Unisim elements were transformed.

Constraint Validation Runtime : Time (s): cpu = 00:00:00 ; elapsed = 00:00:00.004 . Memory (MB): peak = 1212.082 ; gain = 0.000
---------------------------------------------------------------------------------
Finished Constraint Validation : Time (s): cpu = 00:00:16 ; elapsed = 00:00:18 . Memory (MB): peak = 1212.082 ; gain = 86.754
---------------------------------------------------------------------------------
---------------------------------------------------------------------------------
Start Loading Part and Timing Information
---------------------------------------------------------------------------------
Loading part: xc7a35tcpg236-1
---------------------------------------------------------------------------------
Finished Loading Part and Timing Information : Time (s): cpu = 00:00:16 ; elapsed = 00:00:18 . Memory (MB): peak = 1212.082 ; gain = 86.754
---------------------------------------------------------------------------------
---------------------------------------------------------------------------------
Start Applying 'set_property' XDC Constraints
---------------------------------------------------------------------------------
---------------------------------------------------------------------------------
Finished applying 'set_property' XDC Constraints : Time (s): cpu = 00:00:16 ; elapsed = 00:00:18 . Memory (MB): peak = 1212.082 ; gain = 86.754
---------------------------------------------------------------------------------
---------------------------------------------------------------------------------
Finished RTL Optimization Phase 2 : Time (s): cpu = 00:00:17 ; elapsed = 00:00:18 . Memory (MB): peak = 1212.082 ; gain = 86.754
---------------------------------------------------------------------------------
---------------------------------------------------------------------------------
Start RTL Component Statistics 
---------------------------------------------------------------------------------
Detailed RTL Component Info : 
---------------------------------------------------------------------------------
Finished RTL Component Statistics 
---------------------------------------------------------------------------------
---------------------------------------------------------------------------------
Start Part Resource Summary
---------------------------------------------------------------------------------
Part Resources:
DSPs: 90 (col length:60)
BRAMs: 100 (col length: RAMB18 60 RAMB36 30)
---------------------------------------------------------------------------------
Finished Part Resource Summary
---------------------------------------------------------------------------------
---------------------------------------------------------------------------------
Start Cross Boundary and Area Optimization
---------------------------------------------------------------------------------
---------------------------------------------------------------------------------
Finished Cross Boundary and Area Optimization : Time (s): cpu = 00:00:19 ; elapsed = 00:00:20 . Memory (MB): peak = 1212.082 ; gain = 86.754
---------------------------------------------------------------------------------
---------------------------------------------------------------------------------
Start Applying XDC Timing Constraints
---------------------------------------------------------------------------------
---------------------------------------------------------------------------------
Finished Applying XDC Timing Constraints : Time (s): cpu = 00:00:28 ; elapsed = 00:00:30 . Memory (MB): peak = 1284.730 ; gain = 159.402
---------------------------------------------------------------------------------
---------------------------------------------------------------------------------
Start Timing Optimization
---------------------------------------------------------------------------------
---------------------------------------------------------------------------------
Finished Timing Optimization : Time (s): cpu = 00:00:28 ; elapsed = 00:00:30 . Memory (MB): peak = 1284.730 ; gain = 159.402
---------------------------------------------------------------------------------
---------------------------------------------------------------------------------
Start Technology Mapping
---------------------------------------------------------------------------------
---------------------------------------------------------------------------------
Finished Technology Mapping : Time (s): cpu = 00:00:28 ; elapsed = 00:00:30 . Memory (MB): peak = 1303.816 ; gain = 178.488
---------------------------------------------------------------------------------
---------------------------------------------------------------------------------
Start IO Insertion
---------------------------------------------------------------------------------
---------------------------------------------------------------------------------
Start Flattening Before IO Insertion
---------------------------------------------------------------------------------
---------------------------------------------------------------------------------
Finished Flattening Before IO Insertion
---------------------------------------------------------------------------------
---------------------------------------------------------------------------------
Start Final Netlist Cleanup
---------------------------------------------------------------------------------
---------------------------------------------------------------------------------
Finished Final Netlist Cleanup
---------------------------------------------------------------------------------
---------------------------------------------------------------------------------
Finished IO Insertion : Time (s): cpu = 00:00:35 ; elapsed = 00:00:37 . Memory (MB): peak = 1309.609 ; gain = 184.281
---------------------------------------------------------------------------------
---------------------------------------------------------------------------------
Start Renaming Generated Instances
---------------------------------------------------------------------------------
---------------------------------------------------------------------------------
Finished Renaming Generated Instances : Time (s): cpu = 00:00:35 ; elapsed = 00:00:37 . Memory (MB): peak = 1309.609 ; gain = 184.281
---------------------------------------------------------------------------------
---------------------------------------------------------------------------------
Start Rebuilding User Hierarchy
---------------------------------------------------------------------------------
---------------------------------------------------------------------------------
Finished Rebuilding User Hierarchy : Time (s): cpu = 00:00:35 ; elapsed = 00:00:37 . Memory (MB): peak = 1309.609 ; gain = 184.281
---------------------------------------------------------------------------------
---------------------------------------------------------------------------------
Start Renaming Generated Ports
---------------------------------------------------------------------------------
---------------------------------------------------------------------------------
Finished Renaming Generated Ports : Time (s): cpu = 00:00:35 ; elapsed = 00:00:37 . Memory (MB): peak = 1309.609 ; gain = 184.281
---------------------------------------------------------------------------------
---------------------------------------------------------------------------------
Start Handling Custom Attributes
---------------------------------------------------------------------------------
---------------------------------------------------------------------------------
Finished Handling Custom Attributes : Time (s): cpu = 00:00:35 ; elapsed = 00:00:37 . Memory (MB): peak = 1309.609 ; gain = 184.281
---------------------------------------------------------------------------------
---------------------------------------------------------------------------------
Start Renaming Generated Nets
---------------------------------------------------------------------------------
---------------------------------------------------------------------------------
Finished Renaming Generated Nets : Time (s): cpu = 00:00:35 ; elapsed = 00:00:37 . Memory (MB): peak = 1309.609 ; gain = 184.281
---------------------------------------------------------------------------------
---------------------------------------------------------------------------------
Start Writing Synthesis Report
---------------------------------------------------------------------------------

Report BlackBoxes: 
+-+--------------+----------+
| |BlackBox name |Instances |
+-+--------------+----------+
+-+--------------+----------+

Report Cell Usage: 
+------+-----+------+
|      |Cell |Count |
+------+-----+------+
|1     |LUT4 |     7|
|2     |IBUF |    16|
|3     |OBUF |    28|
+------+-----+------+
---------------------------------------------------------------------------------
Finished Writing Synthesis Report : Time (s): cpu = 00:00:35 ; elapsed = 00:00:37 . Memory (MB): peak = 1309.609 ; gain = 184.281
---------------------------------------------------------------------------------
Synthesis finished with 0 errors, 0 critical warnings and 0 warnings.
Synthesis Optimization Runtime : Time (s): cpu = 00:00:24 ; elapsed = 00:00:34 . Memory (MB): peak = 1309.609 ; gain = 160.473
Synthesis Optimization Complete : Time (s): cpu = 00:00:35 ; elapsed = 00:00:37 . Memory (MB): peak = 1309.609 ; gain = 184.281
INFO: [Project 1-571] Translating synthesized netlist
Netlist sorting complete. Time (s): cpu = 00:00:00 ; elapsed = 00:00:00.001 . Memory (MB): peak = 1321.582 ; gain = 0.000
INFO: [Project 1-570] Preparing netlist for logic optimization
INFO: [Opt 31-138] Pushed 0 inverter(s) to 0 load pin(s).
Netlist sorting complete. Time (s): cpu = 00:00:00 ; elapsed = 00:00:00 . Memory (MB): peak = 1328.309 ; gain = 0.000
INFO: [Project 1-111] Unisim Transformation Summary:
No Unisim elements were transformed.

INFO: [Common 17-83] Releasing license: Synthesis
22 Infos, 62 Warnings, 62 Critical Warnings and 0 Errors encountered.
synth_design completed successfully
synth_design: Time (s): cpu = 00:00:43 ; elapsed = 00:00:48 . Memory (MB): peak = 1328.309 ; gain = 202.980
INFO: [runtcl-6] Synthesis results are not added to the cache due to CRITICAL_WARNING
INFO: [Common 17-1381] The checkpoint 'C:/Users/dwigh/Xilinx/Basys_3_BCD_to_7_Segment_Display/Basys_3_BCD_to_7_Segment_Display.runs/synth_1/BCD_to_7_Segment_Display.dcp' has been generated.
INFO: [runtcl-4] Executing : report_utilization -file BCD_to_7_Segment_Display_utilization_synth.rpt -pb BCD_to_7_Segment_Display_utilization_synth.pb
INFO: [Common 17-206] Exiting Vivado at Wed Jan 26 08:55:15 2022...
